<?xml version="1.0" encoding="UTF-8"?>
<testng-results ignored="2" total="4" passed="2" failed="0" skipped="0">
  <reporter-output>
  </reporter-output>
  <suite started-at="2023-03-05T00:00:34 IST" name="Suite" finished-at="2023-03-05T00:00:34 IST" duration-ms="32">
    <groups>
    </groups>
    <test started-at="2023-03-05T00:00:34 IST" name="TestNGAnnotation" finished-at="2023-03-05T00:00:34 IST" duration-ms="32">
      <class name="base1.TestNGAnnotation">
        <test-method is-config="true" signature="beforeTest()[pri:0, instance:base1.TestNGAnnotation@66498326]" started-at="2023-03-05T00:00:34 IST" name="beforeTest" finished-at="2023-03-05T00:00:34 IST" duration-ms="4" status="PASS">
          <reporter-output>
          </reporter-output>
        </test-method> <!-- beforeTest -->
        <test-method is-config="true" signature="beforeClass()[pri:0, instance:base1.TestNGAnnotation@66498326]" started-at="2023-03-05T00:00:34 IST" name="beforeClass" finished-at="2023-03-05T00:00:34 IST" duration-ms="0" status="PASS">
          <reporter-output>
          </reporter-output>
        </test-method> <!-- beforeClass -->
        <test-method signature="testCase1()[pri:0, instance:base1.TestNGAnnotation@66498326]" started-at="2023-03-05T00:00:34 IST" name="testCase1" finished-at="2023-03-05T00:00:34 IST" duration-ms="3" status="PASS">
          <reporter-output>
          </reporter-output>
        </test-method> <!-- testCase1 -->
        <test-method is-config="true" signature="afterClass()[pri:0, instance:base1.TestNGAnnotation@66498326]" started-at="2023-03-05T00:00:34 IST" name="afterClass" finished-at="2023-03-05T00:00:34 IST" duration-ms="1" status="PASS">
          <reporter-output>
          </reporter-output>
        </test-method> <!-- afterClass -->
        <test-method is-config="true" signature="AfterTest()[pri:0, instance:base1.TestNGAnnotation@66498326]" started-at="2023-03-05T00:00:34 IST" name="AfterTest" finished-at="2023-03-05T00:00:34 IST" duration-ms="0" status="PASS">
          <reporter-output>
          </reporter-output>
        </test-method> <!-- AfterTest -->
      </class> <!-- base1.TestNGAnnotation -->
      <class name="base2.TestNG2">
        <test-method signature="show1()[pri:0, instance:base2.TestNG2@4e096385]" started-at="2023-03-05T00:00:34 IST" name="show1" finished-at="2023-03-05T00:00:34 IST" duration-ms="1" status="PASS">
          <reporter-output>
          </reporter-output>
        </test-method> <!-- show1 -->
      </class> <!-- base2.TestNG2 -->
    </test> <!-- TestNGAnnotation -->
  </suite> <!-- Suite -->
</testng-results>
