<?xml version="1.0" encoding="UTF-8"?>
<!-- Generated by org.testng.reporters.JUnitXMLReporter -->
<testsuite hostname="DESKTOP-M2RIIBP" ignored="0" name="Products Tests" tests="6" failures="0" timestamp="2020-12-15T15:53:44 IST" time="146.72" errors="0">
  <testcase name="test_AddProduct" time="6.967" classname="org.apache.maven.archetypes.nopcommerceApp.TestAddProduct"/>
  <testcase name="test_searchByProductName" time="0.646" classname="org.apache.maven.archetypes.nopcommerceApp.TestSearchProductByName"/>
  <testcase name="test_searchProductByType" time="1.908" classname="org.apache.maven.archetypes.nopcommerceApp.TestSearchProductByType"/>
  <testcase name="test_ifTheSearchedProductUpdatedAfterEditing" time="5.962" classname="org.apache.maven.archetypes.nopcommerceApp.TestEditSearchedProduct"/>
  <testcase name="test_IfSearchedProductWasDeletedAfterPressingDeleteButton" time="4.016" classname="org.apache.maven.archetypes.nopcommerceApp.TestDeleteSearchedProduct"/>
  <testcase name="test_IfAllTheChosenProductsCanBeDeletedWhenPressingDeleteButton" time="16.568" classname="org.apache.maven.archetypes.nopcommerceApp.ClearAllProductsTest"/>
</testsuite> <!-- Products Tests -->
