<?xml version="1.0" encoding="UTF-8"?>
<!-- Generated by org.testng.reporters.JUnitXMLReporter -->
<testsuite hostname="DESKTOP-M2RIIBP" ignored="1" name="nopCommerceTest" tests="6" failures="0" timestamp="2020-12-03T17:10:15 IST" time="66.789" errors="0">
  <testcase name="ddt_test_login" time="5.741" classname="org.apache.maven.archetypes.nopcommerceApp.DDTestLogin"/>
  <testcase name="ddt_test_login" time="0.584" classname="org.apache.maven.archetypes.nopcommerceApp.DDTestLogin"/>
  <testcase name="ddt_test_login" time="0.574" classname="org.apache.maven.archetypes.nopcommerceApp.DDTestLogin"/>
  <testcase name="ddt_test_login" time="0.55" classname="org.apache.maven.archetypes.nopcommerceApp.DDTestLogin"/>
  <testcase name="test_AddProduct" time="6.177" classname="org.apache.maven.archetypes.nopcommerceApp.TestAddProduct"/>
  <testcase name="test_searchByProductByName" time="0.621" classname="org.apache.maven.archetypes.nopcommerceApp.TestSearchProduct"/>
  <testcase name="test_searchByProductType" time="0.0" classname="org.apache.maven.archetypes.nopcommerceApp.TestSearchProduct">
    <ignored/>
  </testcase> <!-- test_searchByProductType -->
</testsuite> <!-- nopCommerceTest -->
