<?xml version="1.0" encoding="UTF-8"?>
<testng-results ignored="0" total="1" passed="1" failed="0" skipped="0">
  <reporter-output>
  </reporter-output>
  <suite started-at="2023-04-02T02:08:59 IST" name="Default suite" finished-at="2023-04-02T02:09:21 IST" duration-ms="22736">
    <groups>
    </groups>
    <test started-at="2023-04-02T02:08:59 IST" name="Default test" finished-at="2023-04-02T02:09:21 IST" duration-ms="22736">
      <class name="com.inetbanking.testCases.TC_LoginTest">
        <test-method is-config="true" signature="setup()[pri:0, instance:com.inetbanking.testCases.TC_LoginTest@3e27aa33]" started-at="2023-04-02T02:08:59 IST" name="setup" finished-at="2023-04-02T02:09:10 IST" duration-ms="11465" status="PASS">
          <reporter-output>
          </reporter-output>
        </test-method> <!-- setup -->
        <test-method signature="loginTest()[pri:0, instance:com.inetbanking.testCases.TC_LoginTest@3e27aa33]" started-at="2023-04-02T02:09:10 IST" name="loginTest" finished-at="2023-04-02T02:09:18 IST" duration-ms="7641" status="PASS">
          <reporter-output>
          </reporter-output>
        </test-method> <!-- loginTest -->
        <test-method is-config="true" signature="tearDown()[pri:0, instance:com.inetbanking.testCases.TC_LoginTest@3e27aa33]" started-at="2023-04-02T02:09:18 IST" name="tearDown" finished-at="2023-04-02T02:09:21 IST" duration-ms="3543" status="PASS">
          <reporter-output>
          </reporter-output>
        </test-method> <!-- tearDown -->
      </class> <!-- com.inetbanking.testCases.TC_LoginTest -->
    </test> <!-- Default test -->
  </suite> <!-- Default suite -->
</testng-results>
