<?xml version="1.0" encoding="UTF-8"?>
<testng-results ignored="0" total="1" passed="1" failed="0" skipped="0">
  <reporter-output>
  </reporter-output>
  <suite started-at="2023-02-06T21:56:54 IST" name="Default suite" finished-at="2023-02-06T21:57:17 IST" duration-ms="23084">
    <groups>
    </groups>
    <test started-at="2023-02-06T21:56:54 IST" name="Default test" finished-at="2023-02-06T21:57:17 IST" duration-ms="23084">
      <class name="youTubeWebTable.Demo">
        <test-method signature="searchProduct()[pri:0, instance:youTubeWebTable.Demo@483f6d77]" started-at="2023-02-06T21:56:54 IST" name="searchProduct" finished-at="2023-02-06T21:57:17 IST" duration-ms="23028" status="PASS">
          <reporter-output>
          </reporter-output>
        </test-method> <!-- searchProduct -->
      </class> <!-- youTubeWebTable.Demo -->
    </test> <!-- Default test -->
  </suite> <!-- Default suite -->
</testng-results>
