<?xml version="1.0" encoding="UTF-8"?>
<!-- Generated by org.testng.reporters.JUnitXMLReporter -->
<testsuite ignored="2" hostname="Akshay" failures="0" tests="2" name="TestNGAnnotation" time="0.032" errors="0" timestamp="2023-03-05T00:00:34 IST">
  <testcase classname="base1.TestNGAnnotation" name="testCase1" time="0.003"/>
  <testcase classname="base2.TestNG2" name="show1" time="0.001"/>
  <testcase classname="base1.TestNGAnnotation" name="testCase2" time="0.0">
    <ignored/>
  </testcase> <!-- testCase2 -->
  <testcase classname="base2.TestNG2" name="show2" time="0.0">
    <ignored/>
  </testcase> <!-- show2 -->
</testsuite> <!-- TestNGAnnotation -->
