<?xml version="1.0" encoding="UTF-8"?>
<!-- Generated by org.testng.reporters.JUnitXMLReporter -->
<testsuite hostname="DESKTOP-M2RIIBP" ignored="0" name="Add and Search Tests" tests="1" failures="0" timestamp="2020-12-05T13:58:02 IST" time="0.007" errors="0">
  <testcase name="@BeforeMethod beforeMethod" time="0.0" classname="org.apache.maven.archetypes.nopcommerceApp.TestAddProduct">
    <failure type="java.lang.NullPointerException">
      <![CDATA[java.lang.NullPointerException
at org.apache.maven.archetypes.nopcommerceApp.TestAddProduct.beforeMethod(TestAddProduct.java:85)
at java.util.ArrayList.forEach(Unknown Source)
... Removed 31 stack frames]]>
    </failure>
  </testcase> <!-- @BeforeMethod beforeMethod -->
  <testcase name="@AfterMethod afterMethod" time="-1.607169482033E9" classname="org.apache.maven.archetypes.nopcommerceApp.TestAddProduct">
    <skipped/>
  </testcase> <!-- @AfterMethod afterMethod -->
  <testcase name="@AfterClass afterClass" time="-1.607169482033E9" classname="org.apache.maven.archetypes.nopcommerceApp.TestAddProduct">
    <skipped/>
  </testcase> <!-- @AfterClass afterClass -->
  <testcase name="test_AddProduct" time="0.0" classname="org.apache.maven.archetypes.nopcommerceApp.TestAddProduct">
    <skipped/>
  </testcase> <!-- test_AddProduct -->
</testsuite> <!-- Add and Search Tests -->
