<?xml version="1.0" encoding="UTF-8"?>
<!-- Generated by org.testng.reporters.JUnitXMLReporter -->
<testsuite hostname="DESKTOP-M2RIIBP" ignored="0" name="Customers Add Search Tests" tests="1" failures="0" timestamp="2020-12-05T13:37:01 IST" time="6.585" errors="0">
  <testcase name="@BeforeMethod beforeMethod" time="0.0" classname="org.apache.maven.archetypes.nopcommerceApp.TestAddProduct">
    <failure type="java.lang.NullPointerException">
      <![CDATA[java.lang.NullPointerException
at org.openqa.selenium.support.pagefactory.DefaultElementLocator.findElement(DefaultElementLocator.java:69)
at org.openqa.selenium.support.pagefactory.internal.LocatingElementHandler.invoke(LocatingElementHandler.java:38)
at com.sun.proxy.$Proxy14.clear(Unknown Source)
at pageObjects.LoginPage.setUsername(LoginPage.java:37)
at org.apache.maven.archetypes.nopcommerceApp.TestAddProduct.beforeMethod(TestAddProduct.java:85)
at java.util.ArrayList.forEach(Unknown Source)
... Removed 31 stack frames]]>
    </failure>
  </testcase> <!-- @BeforeMethod beforeMethod -->
  <testcase name="@AfterMethod afterMethod" time="-1.607168221632E9" classname="org.apache.maven.archetypes.nopcommerceApp.TestAddProduct">
    <skipped/>
  </testcase> <!-- @AfterMethod afterMethod -->
  <testcase name="@AfterClass afterClass" time="-1.607168221633E9" classname="org.apache.maven.archetypes.nopcommerceApp.TestAddProduct">
    <skipped/>
  </testcase> <!-- @AfterClass afterClass -->
  <testcase name="@AfterClass tearDown" time="-1.607168221634E9" classname="org.apache.maven.archetypes.nopcommerceApp.TestBase">
    <skipped/>
  </testcase> <!-- @AfterClass tearDown -->
  <testcase name="test_AddProduct" time="0.0" classname="org.apache.maven.archetypes.nopcommerceApp.TestAddProduct">
    <skipped/>
  </testcase> <!-- test_AddProduct -->
</testsuite> <!-- Customers Add Search Tests -->
