<?xml version="1.0" encoding="UTF-8"?>
<!-- Generated by org.testng.reporters.JUnitXMLReporter -->
<testsuite hostname="DESKTOP-M2RIIBP" ignored="0" name="Login Test" tests="5" failures="0" timestamp="2020-12-05T13:07:47 IST" time="38.586" errors="0">
  <testcase name="test_login" time="0.013" classname="org.apache.maven.archetypes.nopcommerceApp.TestLogin"/>
  <testcase name="ddt_test_login" time="5.029" classname="org.apache.maven.archetypes.nopcommerceApp.DDTestLogin"/>
  <testcase name="ddt_test_login" time="0.562" classname="org.apache.maven.archetypes.nopcommerceApp.DDTestLogin"/>
  <testcase name="ddt_test_login" time="0.537" classname="org.apache.maven.archetypes.nopcommerceApp.DDTestLogin"/>
  <testcase name="ddt_test_login" time="0.573" classname="org.apache.maven.archetypes.nopcommerceApp.DDTestLogin"/>
</testsuite> <!-- Login Test -->
