<?xml version="1.0" encoding="UTF-8"?>
<!-- Generated by org.testng.reporters.JUnitXMLReporter -->
<testsuite hostname="DESKTOP-M2RIIBP" ignored="0" name="Login Tests" tests="5" failures="0" timestamp="2020-12-14T20:22:01 IST" time="38.902" errors="0">
  <testcase name="test_login" time="0.009" classname="org.apache.maven.archetypes.nopcommerceApp.TestLogin"/>
  <testcase name="ddt_test_login" time="6.675" classname="org.apache.maven.archetypes.nopcommerceApp.DDTestLogin"/>
  <testcase name="ddt_test_login" time="0.541" classname="org.apache.maven.archetypes.nopcommerceApp.DDTestLogin"/>
  <testcase name="ddt_test_login" time="0.542" classname="org.apache.maven.archetypes.nopcommerceApp.DDTestLogin"/>
  <testcase name="ddt_test_login" time="0.55" classname="org.apache.maven.archetypes.nopcommerceApp.DDTestLogin"/>
</testsuite> <!-- Login Tests -->
