<?xml version="1.0" encoding="UTF-8"?>
<!-- Generated by org.testng.reporters.JUnitXMLReporter -->
<testsuite hostname="DESKTOP-M2RIIBP" ignored="0" name="Products Tests" tests="6" failures="0" timestamp="2020-12-14T20:24:46 IST" time="164.757" errors="0">
  <testcase name="test_AddProduct" time="6.858" classname="org.apache.maven.archetypes.nopcommerceApp.TestAddProduct"/>
  <testcase name="test_searchByProductName" time="0.639" classname="org.apache.maven.archetypes.nopcommerceApp.TestSearchProductByName"/>
  <testcase name="test_searchProductByType" time="0.601" classname="org.apache.maven.archetypes.nopcommerceApp.TestSearchProductByType"/>
  <testcase name="test_ifTheSearchedProductUpdatedAfterEditing" time="6.325" classname="org.apache.maven.archetypes.nopcommerceApp.TestEditSearchedProduct"/>
  <testcase name="test_IfSearchedProductWasDeletedAfterPressingDeleteButton" time="4.653" classname="org.apache.maven.archetypes.nopcommerceApp.TestDeleteSearchedProduct"/>
  <testcase name="test_IfAllTheChosenProductsCanBeDeletedWhenPressingDeleteButton" time="27.909" classname="org.apache.maven.archetypes.nopcommerceApp.ClearAllProductsTest"/>
</testsuite> <!-- Products Tests -->
