<?xml version="1.0" encoding="UTF-8"?>
<testng-results ignored="0" total="1" passed="1" failed="0" skipped="0">
  <reporter-output>
  </reporter-output>
  <suite started-at="2023-04-06T01:32:02 IST" name="Default suite" finished-at="2023-04-06T01:32:08 IST" duration-ms="6010">
    <groups>
    </groups>
    <test started-at="2023-04-06T01:32:02 IST" name="Default test" finished-at="2023-04-06T01:32:08 IST" duration-ms="6010">
      <class name="test.LoginTest">
        <test-method is-config="true" signature="initilize()[pri:0, instance:test.LoginTest@368247b9]" started-at="2023-04-06T01:32:02 IST" name="initilize" finished-at="2023-04-06T01:32:06 IST" duration-ms="3843" status="PASS">
          <reporter-output>
          </reporter-output>
        </test-method> <!-- initilize -->
        <test-method signature="Login()[pri:0, instance:test.LoginTest@368247b9]" started-at="2023-04-06T01:32:06 IST" name="Login" finished-at="2023-04-06T01:32:08 IST" duration-ms="2084" status="PASS">
          <reporter-output>
          </reporter-output>
        </test-method> <!-- Login -->
        <test-method is-config="true" signature="tearDown()[pri:0, instance:test.LoginTest@368247b9]" started-at="2023-04-06T01:32:08 IST" name="tearDown" finished-at="2023-04-06T01:32:08 IST" duration-ms="2" status="PASS">
          <reporter-output>
          </reporter-output>
        </test-method> <!-- tearDown -->
      </class> <!-- test.LoginTest -->
    </test> <!-- Default test -->
  </suite> <!-- Default suite -->
</testng-results>
