<?xml version="1.0" encoding="UTF-8"?>
<testng-results ignored="0" total="3" passed="3" failed="0" skipped="0">
  <reporter-output>
  </reporter-output>
  <suite started-at="2023-02-19T22:32:45 IST" name="Default suite" finished-at="2023-02-19T22:32:53 IST" duration-ms="7791">
    <groups>
    </groups>
    <test started-at="2023-02-19T22:32:45 IST" name="Default test" finished-at="2023-02-19T22:32:53 IST" duration-ms="7791">
      <class name="basics.Assign1">
        <test-method signature="setUp()[pri:1, instance:basics.Assign1@550dbc7a]" started-at="2023-02-19T22:32:45 IST" name="setUp" finished-at="2023-02-19T22:32:48 IST" duration-ms="2875" status="PASS">
          <reporter-output>
          </reporter-output>
        </test-method> <!-- setUp -->
        <test-method signature="Login()[pri:2, instance:basics.Assign1@550dbc7a]" started-at="2023-02-19T22:32:48 IST" name="Login" finished-at="2023-02-19T22:32:52 IST" duration-ms="4693" status="PASS">
          <reporter-output>
          </reporter-output>
        </test-method> <!-- Login -->
        <test-method signature="tearDown()[pri:3, instance:basics.Assign1@550dbc7a]" started-at="2023-02-19T22:32:52 IST" name="tearDown" finished-at="2023-02-19T22:32:53 IST" duration-ms="153" status="PASS">
          <reporter-output>
          </reporter-output>
        </test-method> <!-- tearDown -->
      </class> <!-- basics.Assign1 -->
    </test> <!-- Default test -->
  </suite> <!-- Default suite -->
</testng-results>
